
==========
== CUDA ==
==========

CUDA Version 11.4.3

Container image Copyright (c) 2016-2023, NVIDIA CORPORATION & AFFILIATES. All rights reserved.

This container image and its contents are governed by the NVIDIA Deep Learning Container License.
By pulling and using the container, you accept the terms and conditions of this license:
https://developer.nvidia.com/ngc/nvidia-deep-learning-container-license

A copy of this license is made available in this container at /NGC-DL-CONTAINER-LICENSE for your convenience.

Training started...
2214
Epoch 1/100 - Loss: 19.0021
2214
Epoch 2/100 - Loss: 18.7981
2214
Epoch 3/100 - Loss: 18.6159
2214
Epoch 4/100 - Loss: 18.4729
2214
Epoch 5/100 - Loss: 18.2730
2214
Epoch 6/100 - Loss: 18.0253
2214
Epoch 7/100 - Loss: 17.7249
2214
Epoch 8/100 - Loss: 17.3922
2214
Epoch 9/100 - Loss: 17.0347
2214
Epoch 10/100 - Loss: 16.6697
2214
Epoch 11/100 - Loss: 16.3090
2214
Epoch 12/100 - Loss: 15.9645
2214
Epoch 13/100 - Loss: 15.6385
2214
Epoch 14/100 - Loss: 15.3372
2214
Epoch 15/100 - Loss: 15.0499
2214
Epoch 16/100 - Loss: 14.7769
2214
Epoch 17/100 - Loss: 14.5195
2214
Epoch 18/100 - Loss: 14.2724
2214
Epoch 19/100 - Loss: 14.0388
2214
Epoch 20/100 - Loss: 13.8171
2214
Epoch 21/100 - Loss: 13.6066
2214
Epoch 22/100 - Loss: 13.4030
2214
Epoch 23/100 - Loss: 13.2146
2214
Epoch 24/100 - Loss: 13.0316
2214
Epoch 25/100 - Loss: 12.8521
2214
Epoch 26/100 - Loss: 12.6849
2214
Epoch 27/100 - Loss: 12.5178
2214
Epoch 28/100 - Loss: 12.3688
2214
Epoch 29/100 - Loss: 12.2161
2214
Epoch 30/100 - Loss: 12.0667
2214
Epoch 31/100 - Loss: 11.9338
2214
Epoch 32/100 - Loss: 11.7948
2214
Epoch 33/100 - Loss: 11.6717
2214
Epoch 34/100 - Loss: 11.5415
2214
Epoch 35/100 - Loss: 11.4194
2214
Epoch 36/100 - Loss: 11.2993
2214
Epoch 37/100 - Loss: 11.1872
2214
Epoch 38/100 - Loss: 11.0759
2214
Epoch 39/100 - Loss: 10.9645
2214
Epoch 40/100 - Loss: 10.8642
2214
Epoch 41/100 - Loss: 10.7553
2214
Epoch 42/100 - Loss: 10.6636
2214
Epoch 43/100 - Loss: 10.5648
2214
Epoch 44/100 - Loss: 10.4697
2214
Epoch 45/100 - Loss: 10.3801
2214
Epoch 46/100 - Loss: 10.2942
2214
Epoch 47/100 - Loss: 10.1986
2214
Epoch 48/100 - Loss: 10.1187
2214
Epoch 49/100 - Loss: 10.0358
2214
Epoch 50/100 - Loss: 9.9540
2214
Epoch 51/100 - Loss: 9.8762
2214
Epoch 52/100 - Loss: 9.8040
2214
Epoch 53/100 - Loss: 9.7258
2214
Epoch 54/100 - Loss: 9.6503
2214
Epoch 55/100 - Loss: 9.5808
2214
Epoch 56/100 - Loss: 9.5102
2214
Epoch 57/100 - Loss: 9.4416
2214
Epoch 58/100 - Loss: 9.3694
2214
Epoch 59/100 - Loss: 9.3059
2214
Epoch 60/100 - Loss: 9.2354
2214
Epoch 61/100 - Loss: 9.1781
2214
Epoch 62/100 - Loss: 9.1169
2214
Epoch 63/100 - Loss: 9.0483
2214
Epoch 64/100 - Loss: 8.9861
2214
Epoch 65/100 - Loss: 8.9295
2214
Epoch 66/100 - Loss: 8.8767
2214
Epoch 67/100 - Loss: 8.8169
2214
Epoch 68/100 - Loss: 8.7585
2214
Epoch 69/100 - Loss: 8.7061
2214
Epoch 70/100 - Loss: 8.6513
2214
Epoch 71/100 - Loss: 8.6006
2214
Epoch 72/100 - Loss: 8.5437
2214
Epoch 73/100 - Loss: 8.4911
2214
Epoch 74/100 - Loss: 8.4444
2214
Epoch 75/100 - Loss: 8.3961
2214
Epoch 76/100 - Loss: 8.3448
2214
Epoch 77/100 - Loss: 8.2980
2214
Epoch 78/100 - Loss: 8.2488
2214
Epoch 79/100 - Loss: 8.2004
2214
Epoch 80/100 - Loss: 8.1568
2214
Epoch 81/100 - Loss: 8.1053
2214
Epoch 82/100 - Loss: 8.0611
2214
Epoch 83/100 - Loss: 8.0254
2214
Epoch 84/100 - Loss: 7.9762
2214
Epoch 85/100 - Loss: 7.9403
2214
Epoch 86/100 - Loss: 7.8880
2214
Epoch 87/100 - Loss: 7.8472
2214
Epoch 88/100 - Loss: 7.8082
2214
Epoch 89/100 - Loss: 7.7688
2214
Epoch 90/100 - Loss: 7.7267
2214
Epoch 91/100 - Loss: 7.6894
2214
Epoch 92/100 - Loss: 7.6531
2214
Epoch 93/100 - Loss: 7.6127
2214
Epoch 94/100 - Loss: 7.5763
2214
Epoch 95/100 - Loss: 7.5406
2214
Epoch 96/100 - Loss: 7.5031
2214
Epoch 97/100 - Loss: 7.4681
2214
Epoch 98/100 - Loss: 7.4291
2214
Epoch 99/100 - Loss: 7.3957
2214
Epoch 100/100 - Loss: 7.3641
Loading best model for evaluation...
Best model file not found. Skipping evaluation and visualization.
