000 (29826.000.000) 2025-08-13 14:07:20 Job submitted from host: <10.143.248.61:9618?addrs=10.143.248.61-9618&alias=conduit2.hpc.uni-saarland.de&noUDP&sock=schedd_1254653_2dcd>
...
040 (29826.000.000) 2025-08-13 15:20:50 Started transferring input files
	Transferring to host: <10.143.248.15:9618?PrivAddr=%3c10.143.250.15:9618%3fsock%3dteaching1_2581_4c42_41%3e&PrivNet=cs-hpc-storage&addrs=10.143.248.15-9618&alias=thera.hpc.uni-saarland.de&noUDP&sock=teaching1_2581_4c42_41>
...
040 (29826.000.000) 2025-08-13 15:20:50 Finished transferring input files
...
001 (29826.000.000) 2025-08-13 15:20:51 Job executing on host: <10.143.248.15:9618?PrivAddr=%3c10.143.250.15:9618%3fsock%3dstartd_2542_2dd5%3e&PrivNet=cs-hpc-storage&addrs=10.143.248.15-9618&alias=thera.hpc.uni-saarland.de&noUDP&sock=startd_2542_2dd5>
	SlotName: teaching1@thera.hpc.uni-saarland.de
	AvailableGPUs = { GPUs_GPU_68be5ec7 }
	CondorScratchDir = "/raid/condor/lib/condor/execute/dir_2552"
	Cpus = 7
	Disk = 445099815
	GPUs = 1
	GPUs_GPU_68be5ec7 = [ Id = "GPU-68be5ec7"; Capability = 6.0; DeviceName = "Tesla P100-SXM2-16GB"; DeviceUuid = "68be5ec7-c47e-1d16-f07a-50dbde50cca0"; ECCEnabled = true; NvidiaDriver = "550.163.01"; DriverVersion = 12.4; DevicePciBusId = "0000:04:00.0"; GlobalMemoryMb = 16269; MaxSupportedVersion = 12040 ]
	Memory = 96737
...
006 (29826.000.000) 2025-08-13 15:20:59 Image size of job updated: 188
	188  -  MemoryUsage of job (MB)
	193516  -  ResidentSetSize of job (KB)
...
006 (29826.000.000) 2025-08-13 15:22:56 Image size of job updated: 1435
	1435  -  MemoryUsage of job (MB)
	1470452  -  ResidentSetSize of job (KB)
...
040 (29826.000.000) 2025-08-13 15:22:56 Started transferring output files
...
040 (29826.000.000) 2025-08-13 15:22:56 Finished transferring output files
...
005 (29826.000.000) 2025-08-13 15:22:57 Job terminated.
	(1) Normal termination (return value 0)
		Usr 0 00:10:19, Sys 0 00:00:38  -  Run Remote Usage
		Usr 0 00:00:00, Sys 0 00:00:00  -  Run Local Usage
		Usr 0 00:10:19, Sys 0 00:00:38  -  Total Remote Usage
		Usr 0 00:00:00, Sys 0 00:00:00  -  Total Local Usage
	1598  -  Run Bytes Sent By Job
	295  -  Run Bytes Received By Job
	1598  -  Total Bytes Sent By Job
	295  -  Total Bytes Received By Job
	Partitionable Resources :    Usage  Request Allocated Assigned
	   Cpus                 :     0.00        1         7 
	   Disk (KB)            :    23           1 445099815 
	   GPUs                 :     0.14        1         1 "GPU-68be5ec7"
	   GpusMemory (MB)      :  1023                       
	   Memory (MB)          :  1435        3072     96737 
	   TimeExecute (s)      :   125                       
	   TimeSlotBusy (s)     :   126                       
...
