
==========
== CUDA ==
==========

CUDA Version 11.4.3

Container image Copyright (c) 2016-2023, NVIDIA CORPORATION & AFFILIATES. All rights reserved.

This container image and its contents are governed by the NVIDIA Deep Learning Container License.
By pulling and using the container, you accept the terms and conditions of this license:
https://developer.nvidia.com/ngc/nvidia-deep-learning-container-license

A copy of this license is made available in this container at /NGC-DL-CONTAINER-LICENSE for your convenience.

Training started...
2214
Epoch 1/100 - Loss: 8.0758
2214
Epoch 2/100 - Loss: 6.5844
2214
Epoch 3/100 - Loss: 6.2459
2214
Epoch 4/100 - Loss: 5.9646
2214
Epoch 5/100 - Loss: 5.7949
2214
Epoch 6/100 - Loss: 5.6615
2214
Epoch 7/100 - Loss: 5.5639
2214
Epoch 8/100 - Loss: 5.4731
2214
Epoch 9/100 - Loss: 5.3905
2214
Epoch 10/100 - Loss: 5.3301
2214
Epoch 11/100 - Loss: 5.2610
2214
Epoch 12/100 - Loss: 5.2020
2214
Epoch 13/100 - Loss: 5.1474
2214
Epoch 14/100 - Loss: 5.0978
2214
Epoch 15/100 - Loss: 5.0561
2214
Epoch 16/100 - Loss: 5.0051
2214
Epoch 17/100 - Loss: 4.9635
2214
Epoch 18/100 - Loss: 4.9114
2214
Epoch 19/100 - Loss: 4.8680
2214
Epoch 20/100 - Loss: 4.8337
2214
Epoch 21/100 - Loss: 4.7864
2214
Epoch 22/100 - Loss: 4.7506
2214
Epoch 23/100 - Loss: 4.7110
2214
Epoch 24/100 - Loss: 4.6810
2214
Epoch 25/100 - Loss: 4.6424
2214
Epoch 26/100 - Loss: 4.6067
2214
Epoch 27/100 - Loss: 4.5739
2214
Epoch 28/100 - Loss: 4.5446
2214
Epoch 29/100 - Loss: 4.5106
2214
Epoch 30/100 - Loss: 4.4824
2214
Epoch 31/100 - Loss: 4.4434
2214
Epoch 32/100 - Loss: 4.4130
2214
Epoch 33/100 - Loss: 4.3815
2214
Epoch 34/100 - Loss: 4.3496
2214
Epoch 35/100 - Loss: 4.3430
2214
Epoch 36/100 - Loss: 4.2944
2214
Epoch 37/100 - Loss: 4.2659
2214
Epoch 38/100 - Loss: 4.2458
2214
Epoch 39/100 - Loss: 4.2171
2214
Epoch 40/100 - Loss: 4.1914
2214
Epoch 41/100 - Loss: 4.1643
2214
Epoch 42/100 - Loss: 4.1394
2214
Epoch 43/100 - Loss: 4.1192
2214
Epoch 44/100 - Loss: 4.0983
2214
Epoch 45/100 - Loss: 4.0717
2214
Epoch 46/100 - Loss: 4.0412
2214
Epoch 47/100 - Loss: 4.0214
2214
Epoch 48/100 - Loss: 3.9977
2214
Epoch 49/100 - Loss: 3.9711
2214
Epoch 50/100 - Loss: 3.9443
2214
Epoch 51/100 - Loss: 3.9207
2214
Epoch 52/100 - Loss: 3.9026
2214
Epoch 53/100 - Loss: 3.8763
2214
Epoch 54/100 - Loss: 3.8577
2214
Epoch 55/100 - Loss: 3.8324
2214
Epoch 56/100 - Loss: 3.8066
2214
Epoch 57/100 - Loss: 3.7893
2214
Epoch 58/100 - Loss: 3.7644
2214
Epoch 59/100 - Loss: 3.7434
2214
Epoch 60/100 - Loss: 3.7176
2214
Epoch 61/100 - Loss: 3.6978
2214
Epoch 62/100 - Loss: 3.6697
2214
Epoch 63/100 - Loss: 3.6525
2214
Epoch 64/100 - Loss: 3.6170
2214
Epoch 65/100 - Loss: 3.6081
2214
Epoch 66/100 - Loss: 3.5790
2214
Epoch 67/100 - Loss: 3.5533
2214
Epoch 68/100 - Loss: 3.5262
2214
Epoch 69/100 - Loss: 3.5049
2214
Epoch 70/100 - Loss: 3.4732
2214
Epoch 71/100 - Loss: 3.4508
2214
Epoch 72/100 - Loss: 3.4262
2214
Epoch 73/100 - Loss: 3.3956
2214
Epoch 74/100 - Loss: 3.3725
2214
Epoch 75/100 - Loss: 3.3448
2214
Epoch 76/100 - Loss: 3.3196
2214
Epoch 77/100 - Loss: 3.2904
2214
Epoch 78/100 - Loss: 3.2635
2214
Epoch 79/100 - Loss: 3.2424
2214
Epoch 80/100 - Loss: 3.2125
2214
Epoch 81/100 - Loss: 3.1879
2214
Epoch 82/100 - Loss: 3.1504
2214
Epoch 83/100 - Loss: 3.1304
2214
Epoch 84/100 - Loss: 3.1041
2214
Epoch 85/100 - Loss: 3.0700
2214
Epoch 86/100 - Loss: 3.0447
2214
Epoch 87/100 - Loss: 3.0232
2214
Epoch 88/100 - Loss: 2.9926
2214
Epoch 89/100 - Loss: 2.9711
2214
Epoch 90/100 - Loss: 2.9350
2214
Epoch 91/100 - Loss: 2.9157
2214
Epoch 92/100 - Loss: 2.8900
2214
Epoch 93/100 - Loss: 2.8613
2214
Epoch 94/100 - Loss: 2.8358
2214
Epoch 95/100 - Loss: 2.8134
2214
Epoch 96/100 - Loss: 2.7905
2214
Epoch 97/100 - Loss: 2.7602
2214
Epoch 98/100 - Loss: 2.7356
2214
Epoch 99/100 - Loss: 2.7134
2214
Epoch 100/100 - Loss: 2.6903
Loading best model for evaluation...
Best model file not found. Skipping evaluation and visualization.
