000 (28363.000.000) 2025-07-14 08:41:16 Job submitted from host: <10.143.248.61:9618?addrs=10.143.248.61-9618&alias=conduit2.hpc.uni-saarland.de&noUDP&sock=schedd_1068_233c>
...
040 (28363.000.000) 2025-07-14 08:41:17 Started transferring input files
	Transferring to host: <10.143.248.15:9618?PrivAddr=%3c10.143.250.15:9618%3fsock%3dteaching1_4038_e2dd_443%3e&PrivNet=cs-hpc-storage&addrs=10.143.248.15-9618&alias=thera.hpc.uni-saarland.de&noUDP&sock=teaching1_4038_e2dd_443>
...
040 (28363.000.000) 2025-07-14 08:41:17 Finished transferring input files
...
001 (28363.000.000) 2025-07-14 08:41:18 Job executing on host: <10.143.248.15:9618?PrivAddr=%3c10.143.250.15:9618%3fsock%3dstartd_4004_fd4b%3e&PrivNet=cs-hpc-storage&addrs=10.143.248.15-9618&alias=thera.hpc.uni-saarland.de&noUDP&sock=startd_4004_fd4b>
	SlotName: teaching1@thera.hpc.uni-saarland.de
	AvailableGPUs = { GPUs_GPU_68be5ec7 }
	CondorScratchDir = "/raid/condor/lib/condor/execute/dir_1731333"
	Cpus = 8
	Disk = 510947980
	GPUs = 1
	GPUs_GPU_68be5ec7 = [ Id = "GPU-68be5ec7"; Capability = 6.0; DeviceName = "Tesla P100-SXM2-16GB"; DeviceUuid = "68be5ec7-c47e-1d16-f07a-50dbde50cca0"; ECCEnabled = true; NvidiaDriver = "550.163.01"; DriverVersion = 12.4; DevicePciBusId = "0000:04:00.0"; GlobalMemoryMb = 16269; MaxSupportedVersion = 12040 ]
	Memory = 110557
...
006 (28363.000.000) 2025-07-14 08:41:26 Image size of job updated: 96
	96  -  MemoryUsage of job (MB)
	98888  -  ResidentSetSize of job (KB)
...
006 (28363.000.000) 2025-07-14 08:46:27 Image size of job updated: 1458
	1458  -  MemoryUsage of job (MB)
	1493020  -  ResidentSetSize of job (KB)
...
006 (28363.000.000) 2025-07-14 08:47:13 Image size of job updated: 1519
	1519  -  MemoryUsage of job (MB)
	1555456  -  ResidentSetSize of job (KB)
...
040 (28363.000.000) 2025-07-14 08:47:13 Started transferring output files
...
040 (28363.000.000) 2025-07-14 08:47:13 Finished transferring output files
...
005 (28363.000.000) 2025-07-14 08:47:14 Job terminated.
	(1) Normal termination (return value 0)
		Usr 0 00:29:46, Sys 0 00:01:43  -  Run Remote Usage
		Usr 0 00:00:00, Sys 0 00:00:00  -  Run Local Usage
		Usr 0 00:29:46, Sys 0 00:01:43  -  Total Remote Usage
		Usr 0 00:00:00, Sys 0 00:00:00  -  Total Local Usage
	51467  -  Run Bytes Sent By Job
	295  -  Run Bytes Received By Job
	51467  -  Total Bytes Sent By Job
	295  -  Total Bytes Received By Job
	Partitionable Resources :    Usage  Request Allocated Assigned
	   Cpus                 :     0.00        1         8 
	   Disk (KB)            :    72           1 510947980 
	   GPUs                 :     0.54        1         1 "GPU-68be5ec7"
	   GpusMemory (MB)      :  1835                       
	   Memory (MB)          :  1519        3072    110557 
	   TimeExecute (s)      :   355                       
	   TimeSlotBusy (s)     :   357                       
...
